<?xml version="1.0" encoding="UTF-8"?>
<testng-results ignored="0" total="1" passed="1" failed="0" skipped="0">
  <reporter-output>
    <line>
      <![CDATA[database connected]]>
    </line>
    <line>
      <![CDATA[login successfully]]>
    </line>
    <line>
      <![CDATA[logged out successfully]]>
    </line>
    <line>
      <![CDATA[browser closed successfully]]>
    </line>
    <line>
      <![CDATA[database disconnected]]>
    </line>
  </reporter-output>
  <suite started-at="2023-10-25T20:48:56 IST" name="Default suite" finished-at="2023-10-25T20:49:21 IST" duration-ms="24539">
    <groups>
    </groups>
    <test started-at="2023-10-25T20:48:56 IST" name="Default test" finished-at="2023-10-25T20:49:21 IST" duration-ms="24539">
      <class name="com.Actitime.Testscripts.CreateCustomer">
        <test-method is-config="true" signature="databaseconnection()[pri:0, instance:com.Actitime.Testscripts.CreateCustomer@60099951]" started-at="2023-10-25T20:48:56 IST" name="databaseconnection" finished-at="2023-10-25T20:48:56 IST" duration-ms="9" status="PASS">
          <reporter-output>
            <line>
              <![CDATA[database connected]]>
            </line>
          </reporter-output>
        </test-method> <!-- databaseconnection -->
        <test-method is-config="true" signature="launchBrowser()[pri:0, instance:com.Actitime.Testscripts.CreateCustomer@60099951]" started-at="2023-10-25T20:48:56 IST" name="launchBrowser" finished-at="2023-10-25T20:49:10 IST" duration-ms="13405" status="PASS">
          <reporter-output>
          </reporter-output>
        </test-method> <!-- launchBrowser -->
        <test-method is-config="true" signature="login()[pri:0, instance:com.Actitime.Testscripts.CreateCustomer@60099951]" started-at="2023-10-25T20:49:10 IST" name="login" finished-at="2023-10-25T20:49:10 IST" duration-ms="298" status="PASS">
          <reporter-output>
            <line>
              <![CDATA[login successfully]]>
            </line>
          </reporter-output>
        </test-method> <!-- login -->
        <test-method signature="create()[pri:0, instance:com.Actitime.Testscripts.CreateCustomer@60099951]" started-at="2023-10-25T20:49:10 IST" name="create" finished-at="2023-10-25T20:49:19 IST" duration-ms="8709" status="PASS">
          <reporter-output>
          </reporter-output>
        </test-method> <!-- create -->
        <test-method is-config="true" signature="logout()[pri:0, instance:com.Actitime.Testscripts.CreateCustomer@60099951]" started-at="2023-10-25T20:49:19 IST" name="logout" finished-at="2023-10-25T20:49:21 IST" duration-ms="1917" status="PASS">
          <reporter-output>
            <line>
              <![CDATA[logged out successfully]]>
            </line>
          </reporter-output>
        </test-method> <!-- logout -->
        <test-method is-config="true" signature="closeBrowser()[pri:0, instance:com.Actitime.Testscripts.CreateCustomer@60099951]" started-at="2023-10-25T20:49:21 IST" name="closeBrowser" finished-at="2023-10-25T20:49:21 IST" duration-ms="173" status="PASS">
          <reporter-output>
            <line>
              <![CDATA[browser closed successfully]]>
            </line>
          </reporter-output>
        </test-method> <!-- closeBrowser -->
        <test-method is-config="true" signature="databasedisconnected()[pri:0, instance:com.Actitime.Testscripts.CreateCustomer@60099951]" started-at="2023-10-25T20:49:21 IST" name="databasedisconnected" finished-at="2023-10-25T20:49:21 IST" duration-ms="0" status="PASS">
          <reporter-output>
            <line>
              <![CDATA[database disconnected]]>
            </line>
          </reporter-output>
        </test-method> <!-- databasedisconnected -->
      </class> <!-- com.Actitime.Testscripts.CreateCustomer -->
    </test> <!-- Default test -->
  </suite> <!-- Default suite -->
</testng-results>
